<?xml version="1.0" encoding="UTF-8"?>
<!-- Generated by org.testng.reporters.JUnitReportReporter -->
<testsuite skipped="0" hostname="ASIPL0064_GauravA" name="TestScript_SignUp.TestScript" tests="1" failures="0" timestamp="02 Feb 2021 08:35:58 GMT" time="4.871" errors="0">
  <testcase name="registration" time="4.871" classname="TestScript_SignUp.TestScript"/>
</testsuite> <!-- TestScript_SignUp.TestScript -->
