<?xml version="1.0" encoding="UTF-8"?>
<!-- Generated by org.testng.reporters.JUnitReportReporter -->
<testsuite skipped="0" hostname="ASIPL0064_GauravA" name="TestScript_SignUp.DummyTest" tests="1" failures="0" timestamp="01 Feb 2021 04:40:23 GMT" time="25.605" errors="0">
  <testcase name="testM1" time="25.605" classname="TestScript_SignUp.DummyTest"/>
</testsuite> <!-- TestScript_SignUp.DummyTest -->
