<?xml version="1.0" encoding="UTF-8"?>
<!-- Generated by org.testng.reporters.JUnitReportReporter -->
<testsuite skipped="0" hostname="ASIPL0064_GauravA" name="TestScript_SignUp.Tooltest" tests="1" failures="0" timestamp="01 Feb 2021 07:10:55 GMT" time="34.388" errors="0">
  <testcase name="test2" time="34.388" classname="TestScript_SignUp.Tooltest"/>
</testsuite> <!-- TestScript_SignUp.Tooltest -->
