<?xml version="1.0" encoding="UTF-8"?>
<!-- Generated by org.testng.reporters.JUnitReportReporter -->
<testsuite skipped="0" hostname="ASIPL0064_GauravA" name="CommonUtilities.App" tests="1" failures="0" timestamp="29 Jan 2021 09:37:21 GMT" time="0.007" errors="0">
  <testcase name="test" time="0.007" classname="CommonUtilities.App"/>
</testsuite> <!-- CommonUtilities.App -->
